2025-05-23 08:06:03 [main] INFO  o.s.t.c.s.AnnotationConfigContextLoaderUtils - Could not detect default configuration classes for test class [com.rahulsmgv.geoapp.service.RedisDemo]: RedisDemo does not declare any static, non-private, non-final, nested classes annotated with @Configuration.
2025-05-23 08:06:03 [main] INFO  o.s.b.t.c.SpringBootTestContextBootstrapper - Found @SpringBootConfiguration com.rahulsmgv.geoapp.GeoappApplication for test class com.rahulsmgv.geoapp.service.RedisDemo
2025-05-23 08:06:04 [main] INFO  c.rahulsmgv.geoapp.service.RedisDemo - Starting RedisDemo using Java 17.0.12 with PID 16464 (started by rahul in D:\Workspace\SpringBoot\DevUsingSpringBoot\geoapp)
2025-05-23 08:06:04 [main] DEBUG c.rahulsmgv.geoapp.service.RedisDemo - Running with Spring Boot v3.4.4, Spring v6.2.5
2025-05-23 08:06:04 [main] INFO  c.rahulsmgv.geoapp.service.RedisDemo - The following 1 profile is active: "dev"
2025-05-23 08:06:06 [main] INFO  o.s.d.r.c.RepositoryConfigurationDelegate - Multiple Spring Data modules found, entering strict repository configuration mode
2025-05-23 08:06:06 [main] INFO  o.s.d.r.c.RepositoryConfigurationDelegate - Bootstrapping Spring Data MongoDB repositories in DEFAULT mode.
2025-05-23 08:06:06 [main] INFO  o.s.d.r.c.RepositoryConfigurationDelegate - Finished Spring Data repository scanning in 368 ms. Found 3 MongoDB repository interfaces.
2025-05-23 08:06:06 [main] INFO  o.s.d.r.c.RepositoryConfigurationDelegate - Multiple Spring Data modules found, entering strict repository configuration mode
2025-05-23 08:06:06 [main] INFO  o.s.d.r.c.RepositoryConfigurationDelegate - Bootstrapping Spring Data Redis repositories in DEFAULT mode.
2025-05-23 08:06:06 [main] INFO  o.s.d.r.c.RepositoryConfigurationExtensionSupport - Spring Data Redis - Could not safely identify store assignment for repository candidate interface com.rahulsmgv.geoapp.repository.ConfigGeoAppRepository; If you want this repository to be a Redis repository, consider annotating your entities with one of these annotations: org.springframework.data.redis.core.RedisHash (preferred), or consider extending one of the following types with your repository: org.springframework.data.keyvalue.repository.KeyValueRepository
2025-05-23 08:06:06 [main] INFO  o.s.d.r.c.RepositoryConfigurationExtensionSupport - Spring Data Redis - Could not safely identify store assignment for repository candidate interface com.rahulsmgv.geoapp.repository.GeoAppRepository; If you want this repository to be a Redis repository, consider annotating your entities with one of these annotations: org.springframework.data.redis.core.RedisHash (preferred), or consider extending one of the following types with your repository: org.springframework.data.keyvalue.repository.KeyValueRepository
2025-05-23 08:06:06 [main] INFO  o.s.d.r.c.RepositoryConfigurationExtensionSupport - Spring Data Redis - Could not safely identify store assignment for repository candidate interface com.rahulsmgv.geoapp.repository.UserRepository; If you want this repository to be a Redis repository, consider annotating your entities with one of these annotations: org.springframework.data.redis.core.RedisHash (preferred), or consider extending one of the following types with your repository: org.springframework.data.keyvalue.repository.KeyValueRepository
2025-05-23 08:06:06 [main] INFO  o.s.d.r.c.RepositoryConfigurationDelegate - Finished Spring Data repository scanning in 13 ms. Found 0 Redis repository interfaces.
2025-05-23 08:06:09 [main] INFO  com.rahulsmgv.geoapp.cache.AppCache -  Reload Cache Data [ConfigEntity(api_key=systeminfo, api_value=https://api.restful-api.dev/objects), ConfigEntity(api_key=weatherapi, api_value=http://api.weatherapi.com/v1/current.json?key=API_KEY&q=CITY&aqi=yes)]
2025-05-23 08:06:11 [main] INFO  c.rahulsmgv.geoapp.service.RedisDemo - Started RedisDemo in 6.888 seconds (process running for 10.912)
2025-05-23 08:06:35 [main] INFO  o.s.t.c.s.AnnotationConfigContextLoaderUtils - Could not detect default configuration classes for test class [com.rahulsmgv.geoapp.service.RedisDemo]: RedisDemo does not declare any static, non-private, non-final, nested classes annotated with @Configuration.
2025-05-23 08:06:36 [main] INFO  o.s.b.t.c.SpringBootTestContextBootstrapper - Found @SpringBootConfiguration com.rahulsmgv.geoapp.GeoappApplication for test class com.rahulsmgv.geoapp.service.RedisDemo
2025-05-23 08:06:37 [main] INFO  c.rahulsmgv.geoapp.service.RedisDemo - Starting RedisDemo using Java 17.0.12 with PID 6220 (started by rahul in D:\Workspace\SpringBoot\DevUsingSpringBoot\geoapp)
2025-05-23 08:06:37 [main] DEBUG c.rahulsmgv.geoapp.service.RedisDemo - Running with Spring Boot v3.4.4, Spring v6.2.5
2025-05-23 08:06:37 [main] INFO  c.rahulsmgv.geoapp.service.RedisDemo - The following 1 profile is active: "dev"
2025-05-23 08:06:38 [main] INFO  o.s.d.r.c.RepositoryConfigurationDelegate - Multiple Spring Data modules found, entering strict repository configuration mode
2025-05-23 08:06:38 [main] INFO  o.s.d.r.c.RepositoryConfigurationDelegate - Bootstrapping Spring Data MongoDB repositories in DEFAULT mode.
2025-05-23 08:06:38 [main] INFO  o.s.d.r.c.RepositoryConfigurationDelegate - Finished Spring Data repository scanning in 326 ms. Found 3 MongoDB repository interfaces.
2025-05-23 08:06:38 [main] INFO  o.s.d.r.c.RepositoryConfigurationDelegate - Multiple Spring Data modules found, entering strict repository configuration mode
2025-05-23 08:06:38 [main] INFO  o.s.d.r.c.RepositoryConfigurationDelegate - Bootstrapping Spring Data Redis repositories in DEFAULT mode.
2025-05-23 08:06:38 [main] INFO  o.s.d.r.c.RepositoryConfigurationExtensionSupport - Spring Data Redis - Could not safely identify store assignment for repository candidate interface com.rahulsmgv.geoapp.repository.ConfigGeoAppRepository; If you want this repository to be a Redis repository, consider annotating your entities with one of these annotations: org.springframework.data.redis.core.RedisHash (preferred), or consider extending one of the following types with your repository: org.springframework.data.keyvalue.repository.KeyValueRepository
2025-05-23 08:06:38 [main] INFO  o.s.d.r.c.RepositoryConfigurationExtensionSupport - Spring Data Redis - Could not safely identify store assignment for repository candidate interface com.rahulsmgv.geoapp.repository.GeoAppRepository; If you want this repository to be a Redis repository, consider annotating your entities with one of these annotations: org.springframework.data.redis.core.RedisHash (preferred), or consider extending one of the following types with your repository: org.springframework.data.keyvalue.repository.KeyValueRepository
2025-05-23 08:06:38 [main] INFO  o.s.d.r.c.RepositoryConfigurationExtensionSupport - Spring Data Redis - Could not safely identify store assignment for repository candidate interface com.rahulsmgv.geoapp.repository.UserRepository; If you want this repository to be a Redis repository, consider annotating your entities with one of these annotations: org.springframework.data.redis.core.RedisHash (preferred), or consider extending one of the following types with your repository: org.springframework.data.keyvalue.repository.KeyValueRepository
2025-05-23 08:06:38 [main] INFO  o.s.d.r.c.RepositoryConfigurationDelegate - Finished Spring Data repository scanning in 14 ms. Found 0 Redis repository interfaces.
2025-05-23 08:06:40 [main] INFO  com.rahulsmgv.geoapp.cache.AppCache -  Reload Cache Data [ConfigEntity(api_key=systeminfo, api_value=https://api.restful-api.dev/objects), ConfigEntity(api_key=weatherapi, api_value=http://api.weatherapi.com/v1/current.json?key=API_KEY&q=CITY&aqi=yes)]
2025-05-23 08:06:42 [main] INFO  c.rahulsmgv.geoapp.service.RedisDemo - Started RedisDemo in 5.966 seconds (process running for 8.803)
2025-05-23 08:07:04 [scheduling-1] INFO  c.r.geoapp.scheduler.UserScheduler - Cron job running at - Fri May 23 08:07:04 IST 2025
2025-05-23 08:07:04 [scheduling-1] INFO  com.rahulsmgv.geoapp.cache.AppCache -  Reload Cache Data [ConfigEntity(api_key=systeminfo, api_value=https://api.restful-api.dev/objects), ConfigEntity(api_key=weatherapi, api_value=http://api.weatherapi.com/v1/current.json?key=API_KEY&q=CITY&aqi=yes)]
2025-05-23 08:08:25 [main] INFO  o.s.t.c.s.AnnotationConfigContextLoaderUtils - Could not detect default configuration classes for test class [com.rahulsmgv.geoapp.service.RedisDemo]: RedisDemo does not declare any static, non-private, non-final, nested classes annotated with @Configuration.
2025-05-23 08:08:26 [main] INFO  o.s.b.t.c.SpringBootTestContextBootstrapper - Found @SpringBootConfiguration com.rahulsmgv.geoapp.GeoappApplication for test class com.rahulsmgv.geoapp.service.RedisDemo
2025-05-23 08:08:27 [main] INFO  c.rahulsmgv.geoapp.service.RedisDemo - Starting RedisDemo using Java 17.0.12 with PID 17376 (started by rahul in D:\Workspace\SpringBoot\DevUsingSpringBoot\geoapp)
2025-05-23 08:08:27 [main] DEBUG c.rahulsmgv.geoapp.service.RedisDemo - Running with Spring Boot v3.4.4, Spring v6.2.5
2025-05-23 08:08:27 [main] INFO  c.rahulsmgv.geoapp.service.RedisDemo - The following 1 profile is active: "dev"
2025-05-23 08:08:28 [main] INFO  o.s.d.r.c.RepositoryConfigurationDelegate - Multiple Spring Data modules found, entering strict repository configuration mode
2025-05-23 08:08:28 [main] INFO  o.s.d.r.c.RepositoryConfigurationDelegate - Bootstrapping Spring Data MongoDB repositories in DEFAULT mode.
2025-05-23 08:08:28 [main] INFO  o.s.d.r.c.RepositoryConfigurationDelegate - Finished Spring Data repository scanning in 322 ms. Found 3 MongoDB repository interfaces.
2025-05-23 08:08:28 [main] INFO  o.s.d.r.c.RepositoryConfigurationDelegate - Multiple Spring Data modules found, entering strict repository configuration mode
2025-05-23 08:08:28 [main] INFO  o.s.d.r.c.RepositoryConfigurationDelegate - Bootstrapping Spring Data Redis repositories in DEFAULT mode.
2025-05-23 08:08:28 [main] INFO  o.s.d.r.c.RepositoryConfigurationExtensionSupport - Spring Data Redis - Could not safely identify store assignment for repository candidate interface com.rahulsmgv.geoapp.repository.ConfigGeoAppRepository; If you want this repository to be a Redis repository, consider annotating your entities with one of these annotations: org.springframework.data.redis.core.RedisHash (preferred), or consider extending one of the following types with your repository: org.springframework.data.keyvalue.repository.KeyValueRepository
2025-05-23 08:08:28 [main] INFO  o.s.d.r.c.RepositoryConfigurationExtensionSupport - Spring Data Redis - Could not safely identify store assignment for repository candidate interface com.rahulsmgv.geoapp.repository.GeoAppRepository; If you want this repository to be a Redis repository, consider annotating your entities with one of these annotations: org.springframework.data.redis.core.RedisHash (preferred), or consider extending one of the following types with your repository: org.springframework.data.keyvalue.repository.KeyValueRepository
2025-05-23 08:08:28 [main] INFO  o.s.d.r.c.RepositoryConfigurationExtensionSupport - Spring Data Redis - Could not safely identify store assignment for repository candidate interface com.rahulsmgv.geoapp.repository.UserRepository; If you want this repository to be a Redis repository, consider annotating your entities with one of these annotations: org.springframework.data.redis.core.RedisHash (preferred), or consider extending one of the following types with your repository: org.springframework.data.keyvalue.repository.KeyValueRepository
2025-05-23 08:08:28 [main] INFO  o.s.d.r.c.RepositoryConfigurationDelegate - Finished Spring Data repository scanning in 14 ms. Found 0 Redis repository interfaces.
2025-05-23 08:08:31 [main] INFO  com.rahulsmgv.geoapp.cache.AppCache -  Reload Cache Data [ConfigEntity(api_key=systeminfo, api_value=https://api.restful-api.dev/objects), ConfigEntity(api_key=weatherapi, api_value=http://api.weatherapi.com/v1/current.json?key=API_KEY&q=CITY&aqi=yes)]
2025-05-23 08:08:33 [main] INFO  c.rahulsmgv.geoapp.service.RedisDemo - Started RedisDemo in 6.481 seconds (process running for 9.335)
2025-05-23 08:09:24 [scheduling-1] INFO  c.r.geoapp.scheduler.UserScheduler - Cron job running at - Fri May 23 08:09:24 IST 2025
2025-05-23 08:09:24 [scheduling-1] INFO  com.rahulsmgv.geoapp.cache.AppCache -  Reload Cache Data [ConfigEntity(api_key=systeminfo, api_value=https://api.restful-api.dev/objects), ConfigEntity(api_key=weatherapi, api_value=http://api.weatherapi.com/v1/current.json?key=API_KEY&q=CITY&aqi=yes)]
2025-05-23 08:09:42 [main] INFO  o.s.t.c.s.AnnotationConfigContextLoaderUtils - Could not detect default configuration classes for test class [com.rahulsmgv.geoapp.service.RedisDemo]: RedisDemo does not declare any static, non-private, non-final, nested classes annotated with @Configuration.
2025-05-23 08:09:42 [main] INFO  o.s.b.t.c.SpringBootTestContextBootstrapper - Found @SpringBootConfiguration com.rahulsmgv.geoapp.GeoappApplication for test class com.rahulsmgv.geoapp.service.RedisDemo
2025-05-23 08:09:43 [main] INFO  c.rahulsmgv.geoapp.service.RedisDemo - Starting RedisDemo using Java 17.0.12 with PID 5976 (started by rahul in D:\Workspace\SpringBoot\DevUsingSpringBoot\geoapp)
2025-05-23 08:09:43 [main] DEBUG c.rahulsmgv.geoapp.service.RedisDemo - Running with Spring Boot v3.4.4, Spring v6.2.5
2025-05-23 08:09:43 [main] INFO  c.rahulsmgv.geoapp.service.RedisDemo - The following 1 profile is active: "dev"
2025-05-23 08:09:44 [main] INFO  o.s.d.r.c.RepositoryConfigurationDelegate - Multiple Spring Data modules found, entering strict repository configuration mode
2025-05-23 08:09:44 [main] INFO  o.s.d.r.c.RepositoryConfigurationDelegate - Bootstrapping Spring Data MongoDB repositories in DEFAULT mode.
2025-05-23 08:09:45 [main] INFO  o.s.d.r.c.RepositoryConfigurationDelegate - Finished Spring Data repository scanning in 317 ms. Found 3 MongoDB repository interfaces.
2025-05-23 08:09:45 [main] INFO  o.s.d.r.c.RepositoryConfigurationDelegate - Multiple Spring Data modules found, entering strict repository configuration mode
2025-05-23 08:09:45 [main] INFO  o.s.d.r.c.RepositoryConfigurationDelegate - Bootstrapping Spring Data Redis repositories in DEFAULT mode.
2025-05-23 08:09:45 [main] INFO  o.s.d.r.c.RepositoryConfigurationExtensionSupport - Spring Data Redis - Could not safely identify store assignment for repository candidate interface com.rahulsmgv.geoapp.repository.ConfigGeoAppRepository; If you want this repository to be a Redis repository, consider annotating your entities with one of these annotations: org.springframework.data.redis.core.RedisHash (preferred), or consider extending one of the following types with your repository: org.springframework.data.keyvalue.repository.KeyValueRepository
2025-05-23 08:09:45 [main] INFO  o.s.d.r.c.RepositoryConfigurationExtensionSupport - Spring Data Redis - Could not safely identify store assignment for repository candidate interface com.rahulsmgv.geoapp.repository.GeoAppRepository; If you want this repository to be a Redis repository, consider annotating your entities with one of these annotations: org.springframework.data.redis.core.RedisHash (preferred), or consider extending one of the following types with your repository: org.springframework.data.keyvalue.repository.KeyValueRepository
2025-05-23 08:09:45 [main] INFO  o.s.d.r.c.RepositoryConfigurationExtensionSupport - Spring Data Redis - Could not safely identify store assignment for repository candidate interface com.rahulsmgv.geoapp.repository.UserRepository; If you want this repository to be a Redis repository, consider annotating your entities with one of these annotations: org.springframework.data.redis.core.RedisHash (preferred), or consider extending one of the following types with your repository: org.springframework.data.keyvalue.repository.KeyValueRepository
2025-05-23 08:09:45 [main] INFO  o.s.d.r.c.RepositoryConfigurationDelegate - Finished Spring Data repository scanning in 15 ms. Found 0 Redis repository interfaces.
2025-05-23 08:09:47 [main] INFO  com.rahulsmgv.geoapp.cache.AppCache -  Reload Cache Data [ConfigEntity(api_key=systeminfo, api_value=https://api.restful-api.dev/objects), ConfigEntity(api_key=weatherapi, api_value=http://api.weatherapi.com/v1/current.json?key=API_KEY&q=CITY&aqi=yes)]
2025-05-23 08:09:49 [main] INFO  c.rahulsmgv.geoapp.service.RedisDemo - Started RedisDemo in 6.362 seconds (process running for 9.265)
2025-05-23 08:30:21 [scheduling-1] INFO  c.r.geoapp.scheduler.UserScheduler - Cron job running at - Fri May 23 08:30:21 IST 2025
2025-05-23 08:30:21 [scheduling-1] INFO  com.rahulsmgv.geoapp.cache.AppCache -  Reload Cache Data [ConfigEntity(api_key=systeminfo, api_value=https://api.restful-api.dev/objects), ConfigEntity(api_key=weatherapi, api_value=http://api.weatherapi.com/v1/current.json?key=API_KEY&q=CITY&aqi=yes)]
