2025-05-20 07:38:48 [main] INFO  c.rahulsmgv.geoapp.GeoappApplication - Starting GeoappApplication using Java 17.0.12 with PID 3528 (D:\Workspace\SpringBoot\DevUsingSpringBoot\geoapp\target\classes started by rahul in D:\Workspace\SpringBoot\DevUsingSpringBoot\geoapp)
2025-05-20 07:38:48 [main] DEBUG c.rahulsmgv.geoapp.GeoappApplication - Running with Spring Boot v3.4.4, Spring v6.2.5
2025-05-20 07:38:48 [main] INFO  c.rahulsmgv.geoapp.GeoappApplication - The following 1 profile is active: "dev"
2025-05-20 07:38:49 [main] INFO  o.s.d.r.c.RepositoryConfigurationDelegate - Bootstrapping Spring Data MongoDB repositories in DEFAULT mode.
2025-05-20 07:38:49 [main] INFO  o.s.d.r.c.RepositoryConfigurationDelegate - Finished Spring Data repository scanning in 43 ms. Found 3 MongoDB repository interfaces.
2025-05-20 07:38:49 [main] INFO  o.s.b.w.e.tomcat.TomcatWebServer - Tomcat initialized with port 8080 (http)
2025-05-20 07:38:49 [main] INFO  o.s.b.w.s.c.ServletWebServerApplicationContext - Root WebApplicationContext: initialization completed in 1032 ms
2025-05-20 07:38:50 [main] INFO  o.s.b.w.e.tomcat.TomcatWebServer - Tomcat started on port 8080 (http) with context path '/'
2025-05-20 07:38:50 [main] INFO  c.rahulsmgv.geoapp.GeoappApplication - Started GeoappApplication in 2.255 seconds (process running for 2.703)
2025-05-20 07:39:56 [main] INFO  c.rahulsmgv.geoapp.GeoappApplication - Starting GeoappApplication using Java 17.0.12 with PID 5776 (D:\Workspace\SpringBoot\DevUsingSpringBoot\geoapp\target\classes started by rahul in D:\Workspace\SpringBoot\DevUsingSpringBoot\geoapp)
2025-05-20 07:39:56 [main] DEBUG c.rahulsmgv.geoapp.GeoappApplication - Running with Spring Boot v3.4.4, Spring v6.2.5
2025-05-20 07:39:56 [main] INFO  c.rahulsmgv.geoapp.GeoappApplication - The following 1 profile is active: "dev"
2025-05-20 07:39:57 [main] INFO  o.s.d.r.c.RepositoryConfigurationDelegate - Bootstrapping Spring Data MongoDB repositories in DEFAULT mode.
2025-05-20 07:39:57 [main] INFO  o.s.d.r.c.RepositoryConfigurationDelegate - Finished Spring Data repository scanning in 67 ms. Found 3 MongoDB repository interfaces.
2025-05-20 07:39:57 [main] INFO  o.s.b.w.e.tomcat.TomcatWebServer - Tomcat initialized with port 8080 (http)
2025-05-20 07:39:58 [main] INFO  o.s.b.w.s.c.ServletWebServerApplicationContext - Root WebApplicationContext: initialization completed in 1466 ms
2025-05-20 07:39:59 [main] WARN  o.s.b.w.s.c.AnnotationConfigServletWebServerApplicationContext - Exception encountered during context initialization - cancelling refresh attempt: org.springframework.context.ApplicationContextException: Failed to start bean 'webServerStartStop'
2025-05-20 07:39:59 [main] INFO  o.s.b.a.l.ConditionEvaluationReportLogger - 

Error starting ApplicationContext. To display the condition evaluation report re-run your application with 'debug' enabled.
2025-05-20 07:39:59 [main] ERROR o.s.b.d.LoggingFailureAnalysisReporter - 

***************************
APPLICATION FAILED TO START
***************************

Description:

Web server failed to start. Port 8080 was already in use.

Action:

Identify and stop the process that's listening on port 8080 or configure this application to listen on another port.

2025-05-20 07:40:29 [main] INFO  c.rahulsmgv.geoapp.GeoappApplication - Starting GeoappApplication using Java 17.0.12 with PID 4264 (D:\Workspace\SpringBoot\DevUsingSpringBoot\geoapp\target\classes started by rahul in D:\Workspace\SpringBoot\DevUsingSpringBoot\geoapp)
2025-05-20 07:40:29 [main] DEBUG c.rahulsmgv.geoapp.GeoappApplication - Running with Spring Boot v3.4.4, Spring v6.2.5
2025-05-20 07:40:29 [main] INFO  c.rahulsmgv.geoapp.GeoappApplication - The following 1 profile is active: "dev"
2025-05-20 07:40:30 [main] INFO  o.s.d.r.c.RepositoryConfigurationDelegate - Bootstrapping Spring Data MongoDB repositories in DEFAULT mode.
2025-05-20 07:40:30 [main] INFO  o.s.d.r.c.RepositoryConfigurationDelegate - Finished Spring Data repository scanning in 55 ms. Found 3 MongoDB repository interfaces.
2025-05-20 07:40:31 [main] INFO  o.s.b.w.e.tomcat.TomcatWebServer - Tomcat initialized with port 8080 (http)
2025-05-20 07:40:31 [main] INFO  o.s.b.w.s.c.ServletWebServerApplicationContext - Root WebApplicationContext: initialization completed in 1233 ms
2025-05-20 07:40:32 [main] WARN  o.s.b.w.s.c.AnnotationConfigServletWebServerApplicationContext - Exception encountered during context initialization - cancelling refresh attempt: org.springframework.context.ApplicationContextException: Failed to start bean 'webServerStartStop'
2025-05-20 07:40:32 [main] INFO  o.s.b.a.l.ConditionEvaluationReportLogger - 

Error starting ApplicationContext. To display the condition evaluation report re-run your application with 'debug' enabled.
2025-05-20 07:40:32 [main] ERROR o.s.b.d.LoggingFailureAnalysisReporter - 

***************************
APPLICATION FAILED TO START
***************************

Description:

Web server failed to start. Port 8080 was already in use.

Action:

Identify and stop the process that's listening on port 8080 or configure this application to listen on another port.

2025-05-20 07:41:50 [main] INFO  c.rahulsmgv.geoapp.GeoappApplication - Starting GeoappApplication using Java 17.0.12 with PID 1072 (D:\Workspace\SpringBoot\DevUsingSpringBoot\geoapp\target\classes started by rahul in D:\Workspace\SpringBoot\DevUsingSpringBoot\geoapp)
2025-05-20 07:41:50 [main] DEBUG c.rahulsmgv.geoapp.GeoappApplication - Running with Spring Boot v3.4.4, Spring v6.2.5
2025-05-20 07:41:50 [main] INFO  c.rahulsmgv.geoapp.GeoappApplication - The following 1 profile is active: "dev"
2025-05-20 07:41:51 [main] INFO  o.s.d.r.c.RepositoryConfigurationDelegate - Bootstrapping Spring Data MongoDB repositories in DEFAULT mode.
2025-05-20 07:41:51 [main] INFO  o.s.d.r.c.RepositoryConfigurationDelegate - Finished Spring Data repository scanning in 69 ms. Found 3 MongoDB repository interfaces.
2025-05-20 07:41:51 [main] INFO  o.s.b.w.e.tomcat.TomcatWebServer - Tomcat initialized with port 8080 (http)
2025-05-20 07:41:51 [main] INFO  o.s.b.w.s.c.ServletWebServerApplicationContext - Root WebApplicationContext: initialization completed in 1362 ms
2025-05-20 07:41:53 [main] WARN  o.s.b.w.s.c.AnnotationConfigServletWebServerApplicationContext - Exception encountered during context initialization - cancelling refresh attempt: org.springframework.context.ApplicationContextException: Failed to start bean 'webServerStartStop'
2025-05-20 07:41:53 [main] INFO  o.s.b.a.l.ConditionEvaluationReportLogger - 

Error starting ApplicationContext. To display the condition evaluation report re-run your application with 'debug' enabled.
2025-05-20 07:41:53 [main] ERROR o.s.b.d.LoggingFailureAnalysisReporter - 

***************************
APPLICATION FAILED TO START
***************************

Description:

Web server failed to start. Port 8080 was already in use.

Action:

Identify and stop the process that's listening on port 8080 or configure this application to listen on another port.

2025-05-20 07:42:04 [main] INFO  c.rahulsmgv.geoapp.GeoappApplication - Starting GeoappApplication using Java 17.0.12 with PID 2752 (D:\Workspace\SpringBoot\DevUsingSpringBoot\geoapp\target\classes started by rahul in D:\Workspace\SpringBoot\DevUsingSpringBoot\geoapp)
2025-05-20 07:42:04 [main] DEBUG c.rahulsmgv.geoapp.GeoappApplication - Running with Spring Boot v3.4.4, Spring v6.2.5
2025-05-20 07:42:04 [main] INFO  c.rahulsmgv.geoapp.GeoappApplication - The following 1 profile is active: "dev"
2025-05-20 07:42:04 [main] INFO  o.s.d.r.c.RepositoryConfigurationDelegate - Bootstrapping Spring Data MongoDB repositories in DEFAULT mode.
2025-05-20 07:42:05 [main] INFO  o.s.d.r.c.RepositoryConfigurationDelegate - Finished Spring Data repository scanning in 66 ms. Found 3 MongoDB repository interfaces.
2025-05-20 07:42:05 [main] INFO  o.s.b.w.e.tomcat.TomcatWebServer - Tomcat initialized with port 8080 (http)
2025-05-20 07:42:05 [main] INFO  o.s.b.w.s.c.ServletWebServerApplicationContext - Root WebApplicationContext: initialization completed in 1316 ms
2025-05-20 07:42:06 [main] WARN  o.s.b.w.s.c.AnnotationConfigServletWebServerApplicationContext - Exception encountered during context initialization - cancelling refresh attempt: org.springframework.context.ApplicationContextException: Failed to start bean 'webServerStartStop'
2025-05-20 07:42:06 [main] INFO  o.s.b.a.l.ConditionEvaluationReportLogger - 

Error starting ApplicationContext. To display the condition evaluation report re-run your application with 'debug' enabled.
2025-05-20 07:42:06 [main] ERROR o.s.b.d.LoggingFailureAnalysisReporter - 

***************************
APPLICATION FAILED TO START
***************************

Description:

Web server failed to start. Port 8080 was already in use.

Action:

Identify and stop the process that's listening on port 8080 or configure this application to listen on another port.

2025-05-20 07:42:28 [main] INFO  c.rahulsmgv.geoapp.GeoappApplication - Starting GeoappApplication using Java 17.0.12 with PID 12292 (D:\Workspace\SpringBoot\DevUsingSpringBoot\geoapp\target\classes started by rahul in D:\Workspace\SpringBoot\DevUsingSpringBoot\geoapp)
2025-05-20 07:42:28 [main] DEBUG c.rahulsmgv.geoapp.GeoappApplication - Running with Spring Boot v3.4.4, Spring v6.2.5
2025-05-20 07:42:28 [main] INFO  c.rahulsmgv.geoapp.GeoappApplication - The following 1 profile is active: "dev"
2025-05-20 07:42:29 [main] INFO  o.s.d.r.c.RepositoryConfigurationDelegate - Bootstrapping Spring Data MongoDB repositories in DEFAULT mode.
2025-05-20 07:42:29 [main] INFO  o.s.d.r.c.RepositoryConfigurationDelegate - Finished Spring Data repository scanning in 80 ms. Found 3 MongoDB repository interfaces.
2025-05-20 07:42:30 [main] INFO  o.s.b.w.e.tomcat.TomcatWebServer - Tomcat initialized with port 8080 (http)
2025-05-20 07:42:30 [main] INFO  o.s.b.w.s.c.ServletWebServerApplicationContext - Root WebApplicationContext: initialization completed in 1723 ms
2025-05-20 07:42:31 [main] WARN  o.s.b.w.s.c.AnnotationConfigServletWebServerApplicationContext - Exception encountered during context initialization - cancelling refresh attempt: org.springframework.context.ApplicationContextException: Failed to start bean 'webServerStartStop'
2025-05-20 07:42:31 [main] INFO  o.s.b.a.l.ConditionEvaluationReportLogger - 

Error starting ApplicationContext. To display the condition evaluation report re-run your application with 'debug' enabled.
2025-05-20 07:42:31 [main] ERROR o.s.b.d.LoggingFailureAnalysisReporter - 

***************************
APPLICATION FAILED TO START
***************************

Description:

Web server failed to start. Port 8080 was already in use.

Action:

Identify and stop the process that's listening on port 8080 or configure this application to listen on another port.

2025-05-20 07:42:47 [main] INFO  c.rahulsmgv.geoapp.GeoappApplication - Starting GeoappApplication using Java 17.0.12 with PID 6600 (D:\Workspace\SpringBoot\DevUsingSpringBoot\geoapp\target\classes started by rahul in D:\Workspace\SpringBoot\DevUsingSpringBoot\geoapp)
2025-05-20 07:42:47 [main] DEBUG c.rahulsmgv.geoapp.GeoappApplication - Running with Spring Boot v3.4.4, Spring v6.2.5
2025-05-20 07:42:47 [main] INFO  c.rahulsmgv.geoapp.GeoappApplication - The following 1 profile is active: "dev"
2025-05-20 07:42:47 [main] INFO  o.s.d.r.c.RepositoryConfigurationDelegate - Bootstrapping Spring Data MongoDB repositories in DEFAULT mode.
2025-05-20 07:42:47 [main] INFO  o.s.d.r.c.RepositoryConfigurationDelegate - Finished Spring Data repository scanning in 72 ms. Found 3 MongoDB repository interfaces.
2025-05-20 07:42:48 [main] INFO  o.s.b.w.e.tomcat.TomcatWebServer - Tomcat initialized with port 8080 (http)
2025-05-20 07:42:48 [main] INFO  o.s.b.w.s.c.ServletWebServerApplicationContext - Root WebApplicationContext: initialization completed in 1395 ms
2025-05-20 07:42:49 [main] WARN  o.s.b.w.s.c.AnnotationConfigServletWebServerApplicationContext - Exception encountered during context initialization - cancelling refresh attempt: org.springframework.context.ApplicationContextException: Failed to start bean 'webServerStartStop'
2025-05-20 07:42:49 [main] INFO  o.s.b.a.l.ConditionEvaluationReportLogger - 

Error starting ApplicationContext. To display the condition evaluation report re-run your application with 'debug' enabled.
2025-05-20 07:42:49 [main] ERROR o.s.b.d.LoggingFailureAnalysisReporter - 

***************************
APPLICATION FAILED TO START
***************************

Description:

Web server failed to start. Port 8080 was already in use.

Action:

Identify and stop the process that's listening on port 8080 or configure this application to listen on another port.

2025-05-20 07:43:22 [main] INFO  c.rahulsmgv.geoapp.GeoappApplication - Starting GeoappApplication using Java 17.0.12 with PID 4552 (D:\Workspace\SpringBoot\DevUsingSpringBoot\geoapp\target\classes started by rahul in D:\Workspace\SpringBoot\DevUsingSpringBoot\geoapp)
2025-05-20 07:43:22 [main] DEBUG c.rahulsmgv.geoapp.GeoappApplication - Running with Spring Boot v3.4.4, Spring v6.2.5
2025-05-20 07:43:22 [main] INFO  c.rahulsmgv.geoapp.GeoappApplication - The following 1 profile is active: "dev"
2025-05-20 07:43:22 [main] INFO  o.s.d.r.c.RepositoryConfigurationDelegate - Bootstrapping Spring Data MongoDB repositories in DEFAULT mode.
2025-05-20 07:43:22 [main] INFO  o.s.d.r.c.RepositoryConfigurationDelegate - Finished Spring Data repository scanning in 39 ms. Found 3 MongoDB repository interfaces.
2025-05-20 07:43:23 [main] INFO  o.s.b.w.e.tomcat.TomcatWebServer - Tomcat initialized with port 8080 (http)
2025-05-20 07:43:23 [main] INFO  o.s.b.w.s.c.ServletWebServerApplicationContext - Root WebApplicationContext: initialization completed in 810 ms
2025-05-20 07:43:23 [main] WARN  o.s.b.w.s.c.AnnotationConfigServletWebServerApplicationContext - Exception encountered during context initialization - cancelling refresh attempt: org.springframework.context.ApplicationContextException: Failed to start bean 'webServerStartStop'
2025-05-20 07:43:23 [main] INFO  o.s.b.a.l.ConditionEvaluationReportLogger - 

Error starting ApplicationContext. To display the condition evaluation report re-run your application with 'debug' enabled.
2025-05-20 07:43:23 [main] ERROR o.s.b.d.LoggingFailureAnalysisReporter - 

***************************
APPLICATION FAILED TO START
***************************

Description:

Web server failed to start. Port 8080 was already in use.

Action:

Identify and stop the process that's listening on port 8080 or configure this application to listen on another port.

2025-05-20 07:43:57 [main] INFO  c.rahulsmgv.geoapp.GeoappApplication - Starting GeoappApplication using Java 17.0.12 with PID 4436 (D:\Workspace\SpringBoot\DevUsingSpringBoot\geoapp\target\classes started by rahul in D:\Workspace\SpringBoot\DevUsingSpringBoot\geoapp)
2025-05-20 07:43:57 [main] DEBUG c.rahulsmgv.geoapp.GeoappApplication - Running with Spring Boot v3.4.4, Spring v6.2.5
2025-05-20 07:43:57 [main] INFO  c.rahulsmgv.geoapp.GeoappApplication - The following 1 profile is active: "dev"
2025-05-20 07:43:58 [main] INFO  o.s.d.r.c.RepositoryConfigurationDelegate - Bootstrapping Spring Data MongoDB repositories in DEFAULT mode.
2025-05-20 07:43:58 [main] INFO  o.s.d.r.c.RepositoryConfigurationDelegate - Finished Spring Data repository scanning in 35 ms. Found 3 MongoDB repository interfaces.
2025-05-20 07:43:58 [main] INFO  o.s.b.w.e.tomcat.TomcatWebServer - Tomcat initialized with port 8081 (http)
2025-05-20 07:43:58 [main] INFO  o.s.b.w.s.c.ServletWebServerApplicationContext - Root WebApplicationContext: initialization completed in 738 ms
2025-05-20 07:43:59 [main] INFO  o.s.b.w.e.tomcat.TomcatWebServer - Tomcat started on port 8081 (http) with context path '/'
2025-05-20 07:43:59 [main] INFO  c.rahulsmgv.geoapp.GeoappApplication - Started GeoappApplication in 1.7 seconds (process running for 2.036)
2025-05-20 07:44:02 [SpringApplicationShutdownHook] INFO  o.s.b.w.e.tomcat.GracefulShutdown - Commencing graceful shutdown. Waiting for active requests to complete
2025-05-20 07:44:02 [tomcat-shutdown] INFO  o.s.b.w.e.tomcat.GracefulShutdown - Graceful shutdown complete
2025-05-20 07:44:27 [main] INFO  c.rahulsmgv.geoapp.GeoappApplication - Starting GeoappApplication using Java 17.0.12 with PID 10748 (D:\Workspace\SpringBoot\DevUsingSpringBoot\geoapp\target\classes started by rahul in D:\Workspace\SpringBoot\DevUsingSpringBoot\geoapp)
2025-05-20 07:44:27 [main] DEBUG c.rahulsmgv.geoapp.GeoappApplication - Running with Spring Boot v3.4.4, Spring v6.2.5
2025-05-20 07:44:27 [main] INFO  c.rahulsmgv.geoapp.GeoappApplication - The following 1 profile is active: "dev"
2025-05-20 07:44:28 [main] INFO  o.s.d.r.c.RepositoryConfigurationDelegate - Bootstrapping Spring Data MongoDB repositories in DEFAULT mode.
2025-05-20 07:44:28 [main] INFO  o.s.d.r.c.RepositoryConfigurationDelegate - Finished Spring Data repository scanning in 65 ms. Found 3 MongoDB repository interfaces.
2025-05-20 07:44:29 [main] INFO  o.s.b.w.e.tomcat.TomcatWebServer - Tomcat initialized with port 8081 (http)
2025-05-20 07:44:29 [main] INFO  o.s.b.w.s.c.ServletWebServerApplicationContext - Root WebApplicationContext: initialization completed in 1288 ms
2025-05-20 07:44:30 [main] INFO  o.s.b.w.e.tomcat.TomcatWebServer - Tomcat started on port 8081 (http) with context path '/'
2025-05-20 07:44:30 [main] INFO  c.rahulsmgv.geoapp.GeoappApplication - Started GeoappApplication in 3.351 seconds (process running for 4.066)
2025-05-20 07:46:27 [SpringApplicationShutdownHook] INFO  o.s.b.w.e.tomcat.GracefulShutdown - Commencing graceful shutdown. Waiting for active requests to complete
2025-05-20 07:46:27 [tomcat-shutdown] INFO  o.s.b.w.e.tomcat.GracefulShutdown - Graceful shutdown complete
2025-05-20 07:47:32 [main] INFO  c.rahulsmgv.geoapp.GeoappApplication - Starting GeoappApplication using Java 17.0.12 with PID 15708 (D:\Workspace\SpringBoot\DevUsingSpringBoot\geoapp\target\classes started by rahul in D:\Workspace\SpringBoot\DevUsingSpringBoot\geoapp)
2025-05-20 07:47:32 [main] DEBUG c.rahulsmgv.geoapp.GeoappApplication - Running with Spring Boot v3.4.4, Spring v6.2.5
2025-05-20 07:47:32 [main] INFO  c.rahulsmgv.geoapp.GeoappApplication - The following 1 profile is active: "dev"
2025-05-20 07:47:34 [main] INFO  o.s.d.r.c.RepositoryConfigurationDelegate - Bootstrapping Spring Data MongoDB repositories in DEFAULT mode.
2025-05-20 07:47:34 [main] INFO  o.s.d.r.c.RepositoryConfigurationDelegate - Finished Spring Data repository scanning in 117 ms. Found 3 MongoDB repository interfaces.
2025-05-20 07:47:35 [main] INFO  o.s.b.w.e.tomcat.TomcatWebServer - Tomcat initialized with port 8081 (http)
2025-05-20 07:47:35 [main] INFO  o.s.b.w.s.c.ServletWebServerApplicationContext - Root WebApplicationContext: initialization completed in 2417 ms
2025-05-20 07:47:37 [main] INFO  o.s.b.w.e.tomcat.TomcatWebServer - Tomcat started on port 8081 (http) with context path '/'
2025-05-20 07:47:37 [main] INFO  c.rahulsmgv.geoapp.GeoappApplication - Started GeoappApplication in 5.748 seconds (process running for 7.176)
2025-05-20 07:47:55 [scheduling-1] INFO  c.r.geoapp.scheduler.UserScheduler - Fixed rate task - 1747707475
2025-05-20 07:48:03 [scheduling-1] INFO  c.r.geoapp.scheduler.UserScheduler - Fixed delay task - 1747707483
2025-05-20 07:48:11 [scheduling-1] INFO  c.r.geoapp.scheduler.UserScheduler - Fixed rate task - 1747707491
2025-05-20 07:48:13 [scheduling-1] INFO  c.r.geoapp.scheduler.UserScheduler - Fixed rate task - 1747707493
2025-05-20 07:48:15 [scheduling-1] INFO  c.r.geoapp.scheduler.UserScheduler - Fixed rate task - 1747707495
2025-05-20 07:48:16 [scheduling-1] INFO  c.r.geoapp.scheduler.UserScheduler - Fixed rate task - 1747707496
2025-05-20 07:48:22 [scheduling-1] INFO  c.r.geoapp.scheduler.UserScheduler - Fixed rate task - 1747707502
2025-05-20 07:48:27 [scheduling-1] INFO  c.r.geoapp.scheduler.UserScheduler - Fixed rate task - 1747707507
2025-05-20 07:48:29 [scheduling-1] INFO  c.r.geoapp.scheduler.UserScheduler - Fixed rate task - 1747707509
2025-05-20 07:48:29 [scheduling-1] INFO  c.r.geoapp.scheduler.UserScheduler - Fixed rate task - 1747707509
2025-05-20 07:48:29 [scheduling-1] INFO  c.r.geoapp.scheduler.UserScheduler - Fixed rate task - 1747707509
2025-05-20 07:48:31 [scheduling-1] INFO  c.r.geoapp.scheduler.UserScheduler - Fixed rate task - 1747707511
2025-05-20 07:48:31 [scheduling-1] INFO  c.r.geoapp.scheduler.UserScheduler - Fixed rate task - 1747707511
2025-05-20 07:48:31 [scheduling-1] INFO  c.r.geoapp.scheduler.UserScheduler - Fixed rate task - 1747707511
2025-05-20 07:48:31 [scheduling-1] INFO  c.r.geoapp.scheduler.UserScheduler - Fixed rate task - 1747707511
2025-05-20 07:48:31 [scheduling-1] INFO  c.r.geoapp.scheduler.UserScheduler - Fixed rate task - 1747707511
2025-05-20 07:48:31 [scheduling-1] INFO  c.r.geoapp.scheduler.UserScheduler - Cron job running at - Tue May 20 07:48:31 IST 2025
2025-05-20 07:48:31 [scheduling-1] INFO  c.r.geoapp.scheduler.UserScheduler - Fixed rate task - 1747707511
2025-05-20 07:48:31 [scheduling-1] INFO  c.r.geoapp.scheduler.UserScheduler - Fixed rate task - 1747707511
2025-05-20 07:48:31 [scheduling-1] INFO  c.r.geoapp.scheduler.UserScheduler - Fixed rate task - 1747707511
2025-05-20 07:48:31 [scheduling-1] INFO  c.r.geoapp.scheduler.UserScheduler - Fixed delay task - 1747707511
2025-05-20 07:48:31 [scheduling-1] INFO  c.r.geoapp.scheduler.UserScheduler - Fixed rate task - 1747707511
2025-05-20 07:48:31 [scheduling-1] INFO  c.r.geoapp.scheduler.UserScheduler - Fixed rate task - 1747707511
2025-05-20 07:48:31 [scheduling-1] INFO  c.r.geoapp.scheduler.UserScheduler - Fixed rate task - 1747707511
2025-05-20 07:48:31 [scheduling-1] INFO  c.r.geoapp.scheduler.UserScheduler - Fixed rate task - 1747707511
2025-05-20 07:48:31 [scheduling-1] INFO  c.r.geoapp.scheduler.UserScheduler - Fixed rate task - 1747707511
2025-05-20 07:48:31 [scheduling-1] INFO  c.r.geoapp.scheduler.UserScheduler - Fixed rate task - 1747707511
2025-05-20 07:48:31 [scheduling-1] INFO  c.r.geoapp.scheduler.UserScheduler - Fixed rate task - 1747707511
2025-05-20 07:48:31 [scheduling-1] INFO  c.r.geoapp.scheduler.UserScheduler - Fixed rate task - 1747707511
2025-05-20 07:48:31 [scheduling-1] INFO  c.r.geoapp.scheduler.UserScheduler - Fixed rate task - 1747707511
2025-05-20 07:48:31 [scheduling-1] INFO  c.r.geoapp.scheduler.UserScheduler - Fixed rate task - 1747707511
2025-05-20 07:48:31 [scheduling-1] INFO  c.r.geoapp.scheduler.UserScheduler - Fixed rate task - 1747707511
2025-05-20 07:48:31 [scheduling-1] INFO  c.r.geoapp.scheduler.UserScheduler - Fixed rate task - 1747707511
2025-05-20 07:48:31 [scheduling-1] INFO  c.r.geoapp.scheduler.UserScheduler - Fixed rate task - 1747707511
2025-05-20 07:48:31 [scheduling-1] INFO  c.r.geoapp.scheduler.UserScheduler - Fixed rate task - 1747707511
2025-05-20 07:48:31 [scheduling-1] INFO  c.r.geoapp.scheduler.UserScheduler - Fixed rate task - 1747707511
2025-05-20 07:48:31 [scheduling-1] INFO  c.r.geoapp.scheduler.UserScheduler - Fixed rate task - 1747707511
2025-05-20 07:48:31 [scheduling-1] INFO  c.r.geoapp.scheduler.UserScheduler - Fixed rate task - 1747707511
2025-05-20 07:48:31 [scheduling-1] INFO  c.r.geoapp.scheduler.UserScheduler - Fixed rate task - 1747707511
2025-05-20 07:48:31 [SpringApplicationShutdownHook] INFO  o.s.b.w.e.tomcat.GracefulShutdown - Commencing graceful shutdown. Waiting for active requests to complete
2025-05-20 07:48:31 [tomcat-shutdown] INFO  o.s.b.w.e.tomcat.GracefulShutdown - Graceful shutdown complete
2025-05-20 07:55:10 [main] INFO  c.rahulsmgv.geoapp.GeoappApplication - Starting GeoappApplication using Java 17.0.12 with PID 11396 (D:\Workspace\SpringBoot\DevUsingSpringBoot\geoapp\target\classes started by rahul in D:\Workspace\SpringBoot\DevUsingSpringBoot\geoapp)
2025-05-20 07:55:10 [main] DEBUG c.rahulsmgv.geoapp.GeoappApplication - Running with Spring Boot v3.4.4, Spring v6.2.5
2025-05-20 07:55:10 [main] INFO  c.rahulsmgv.geoapp.GeoappApplication - The following 1 profile is active: "dev"
2025-05-20 07:55:10 [main] INFO  o.s.d.r.c.RepositoryConfigurationDelegate - Bootstrapping Spring Data MongoDB repositories in DEFAULT mode.
2025-05-20 07:55:11 [main] INFO  o.s.d.r.c.RepositoryConfigurationDelegate - Finished Spring Data repository scanning in 90 ms. Found 3 MongoDB repository interfaces.
2025-05-20 07:55:11 [main] INFO  o.s.b.w.e.tomcat.TomcatWebServer - Tomcat initialized with port 8081 (http)
2025-05-20 07:55:12 [main] INFO  o.s.b.w.s.c.ServletWebServerApplicationContext - Root WebApplicationContext: initialization completed in 1988 ms
2025-05-20 07:55:13 [main] INFO  o.s.b.w.e.tomcat.TomcatWebServer - Tomcat started on port 8081 (http) with context path '/'
2025-05-20 07:55:13 [main] INFO  c.rahulsmgv.geoapp.GeoappApplication - Started GeoappApplication in 4.509 seconds (process running for 5.443)
2025-05-20 07:55:47 [SpringApplicationShutdownHook] INFO  o.s.b.w.e.tomcat.GracefulShutdown - Commencing graceful shutdown. Waiting for active requests to complete
2025-05-20 07:55:47 [tomcat-shutdown] INFO  o.s.b.w.e.tomcat.GracefulShutdown - Graceful shutdown complete
2025-05-20 07:56:03 [main] INFO  c.rahulsmgv.geoapp.GeoappApplication - Starting GeoappApplication using Java 17.0.12 with PID 13868 (D:\Workspace\SpringBoot\DevUsingSpringBoot\geoapp\target\classes started by rahul in D:\Workspace\SpringBoot\DevUsingSpringBoot\geoapp)
2025-05-20 07:56:03 [main] DEBUG c.rahulsmgv.geoapp.GeoappApplication - Running with Spring Boot v3.4.4, Spring v6.2.5
2025-05-20 07:56:03 [main] INFO  c.rahulsmgv.geoapp.GeoappApplication - The following 1 profile is active: "dev"
2025-05-20 07:56:04 [main] INFO  o.s.d.r.c.RepositoryConfigurationDelegate - Bootstrapping Spring Data MongoDB repositories in DEFAULT mode.
2025-05-20 07:56:04 [main] INFO  o.s.d.r.c.RepositoryConfigurationDelegate - Finished Spring Data repository scanning in 84 ms. Found 3 MongoDB repository interfaces.
2025-05-20 07:56:05 [main] INFO  o.s.b.w.e.tomcat.TomcatWebServer - Tomcat initialized with port 8081 (http)
2025-05-20 07:56:05 [main] INFO  o.s.b.w.s.c.ServletWebServerApplicationContext - Root WebApplicationContext: initialization completed in 1877 ms
2025-05-20 07:56:07 [main] INFO  o.s.b.w.e.tomcat.TomcatWebServer - Tomcat started on port 8081 (http) with context path '/'
2025-05-20 07:56:07 [main] INFO  c.rahulsmgv.geoapp.GeoappApplication - Started GeoappApplication in 4.406 seconds (process running for 5.309)
2025-05-20 07:57:00 [scheduling-1] INFO  c.r.geoapp.scheduler.UserScheduler - Cron job running at - Tue May 20 07:57:00 IST 2025
2025-05-20 07:58:00 [scheduling-1] INFO  c.r.geoapp.scheduler.UserScheduler - Cron job running at - Tue May 20 07:58:00 IST 2025
2025-05-20 07:58:42 [SpringApplicationShutdownHook] INFO  o.s.b.w.e.tomcat.GracefulShutdown - Commencing graceful shutdown. Waiting for active requests to complete
2025-05-20 07:58:42 [tomcat-shutdown] INFO  o.s.b.w.e.tomcat.GracefulShutdown - Graceful shutdown complete
2025-05-20 07:58:59 [main] INFO  c.rahulsmgv.geoapp.GeoappApplication - Starting GeoappApplication using Java 17.0.12 with PID 14860 (D:\Workspace\SpringBoot\DevUsingSpringBoot\geoapp\target\classes started by rahul in D:\Workspace\SpringBoot\DevUsingSpringBoot\geoapp)
2025-05-20 07:58:59 [main] DEBUG c.rahulsmgv.geoapp.GeoappApplication - Running with Spring Boot v3.4.4, Spring v6.2.5
2025-05-20 07:58:59 [main] INFO  c.rahulsmgv.geoapp.GeoappApplication - The following 1 profile is active: "dev"
2025-05-20 07:59:00 [main] INFO  o.s.d.r.c.RepositoryConfigurationDelegate - Bootstrapping Spring Data MongoDB repositories in DEFAULT mode.
2025-05-20 07:59:00 [main] INFO  o.s.d.r.c.RepositoryConfigurationDelegate - Finished Spring Data repository scanning in 96 ms. Found 3 MongoDB repository interfaces.
2025-05-20 07:59:01 [main] INFO  o.s.b.w.e.tomcat.TomcatWebServer - Tomcat initialized with port 8081 (http)
2025-05-20 07:59:01 [main] INFO  o.s.b.w.s.c.ServletWebServerApplicationContext - Root WebApplicationContext: initialization completed in 1869 ms
2025-05-20 07:59:02 [main] INFO  com.rahulsmgv.geoapp.cache.AppCache -  Reload Cache Data [ConfigEntity(api_key=systeminfo, api_value=https://api.restful-api.dev/objects), ConfigEntity(api_key=weatherapi, api_value=http://api.weatherapi.com/v1/current.json?key=API_KEY&q=CITY&aqi=yes)]
2025-05-20 07:59:02 [main] INFO  o.s.b.w.e.tomcat.TomcatWebServer - Tomcat started on port 8081 (http) with context path '/'
2025-05-20 07:59:02 [main] INFO  c.rahulsmgv.geoapp.GeoappApplication - Started GeoappApplication in 4.257 seconds (process running for 5.123)
2025-05-20 08:00:00 [scheduling-1] INFO  c.r.geoapp.scheduler.UserScheduler - Cron job running at - Tue May 20 08:00:00 IST 2025
2025-05-20 08:00:00 [scheduling-1] INFO  com.rahulsmgv.geoapp.cache.AppCache -  Reload Cache Data [ConfigEntity(api_key=systeminfo, api_value=https://api.restful-api.dev/objects), ConfigEntity(api_key=weatherapi, api_value=http://api.weatherapi.com/v1/current.json?key=API_KEY&q=CITY&aqi=yes)]
2025-05-20 08:00:18 [SpringApplicationShutdownHook] INFO  o.s.b.w.e.tomcat.GracefulShutdown - Commencing graceful shutdown. Waiting for active requests to complete
2025-05-20 08:00:18 [tomcat-shutdown] INFO  o.s.b.w.e.tomcat.GracefulShutdown - Graceful shutdown complete
