2025-05-09 08:36:55 [main] INFO  c.rahulsmgv.geoapp.GeoappApplication - Starting GeoappApplication using Java 17.0.12 with PID 17500 (D:\Workspace\SpringBoot\DevUsingSpringBoot\geoapp\target\classes started by rahul in D:\Workspace\SpringBoot\DevUsingSpringBoot\geoapp)
2025-05-09 08:36:55 [main] DEBUG c.rahulsmgv.geoapp.GeoappApplication - Running with Spring Boot v3.4.4, Spring v6.2.5
2025-05-09 08:36:55 [main] INFO  c.rahulsmgv.geoapp.GeoappApplication - The following 1 profile is active: "dev"
2025-05-09 08:36:56 [main] INFO  o.s.d.r.c.RepositoryConfigurationDelegate - Bootstrapping Spring Data MongoDB repositories in DEFAULT mode.
2025-05-09 08:36:56 [main] INFO  o.s.d.r.c.RepositoryConfigurationDelegate - Finished Spring Data repository scanning in 49 ms. Found 2 MongoDB repository interfaces.
2025-05-09 08:36:56 [main] INFO  o.s.b.w.e.tomcat.TomcatWebServer - Tomcat initialized with port 8080 (http)
2025-05-09 08:36:57 [main] INFO  o.s.b.w.s.c.ServletWebServerApplicationContext - Root WebApplicationContext: initialization completed in 1155 ms
2025-05-09 08:36:57 [main] INFO  o.s.b.w.e.tomcat.TomcatWebServer - Tomcat started on port 8080 (http) with context path '/'
2025-05-09 08:36:57 [main] INFO  c.rahulsmgv.geoapp.GeoappApplication - Started GeoappApplication in 2.568 seconds (process running for 3.125)
2025-05-09 08:37:01 [http-nio-8080-exec-2] INFO  o.s.web.servlet.DispatcherServlet - Initializing Servlet 'dispatcherServlet'
2025-05-09 08:37:01 [http-nio-8080-exec-2] INFO  o.s.web.servlet.DispatcherServlet - Completed initialization in 1 ms
2025-05-09 08:37:01 [http-nio-8080-exec-2] INFO  c.r.geoapp.controller.UserController - Request Received from User for GetAll Details
2025-05-09 08:37:01 [http-nio-8080-exec-2] INFO  c.r.geoapp.controller.UserController - Response Sent to User of GetAll Details[UserEntity(id=680ddb81c0f3c80097f53604, userName=Mohit, password=Mohit23, geoappEntities=[], roles=null), UserEntity(id=680ddb91c0f3c80097f53605, userName=Rohit, password=Rohit23, geoappEntities=[], roles=null), UserEntity(id=680ddba5c0f3c80097f53606, userName=Suresh, password=Suresh@123, geoappEntities=[], roles=null), UserEntity(id=680ddbbfc0f3c80097f53607, userName=Manoj, password=Manoj@2025, geoappEntities=[GeoAppEntity(id=680e098e2e45ca3677f754fd, title=Save Tree, content=Save Tree, its give us to fresh air and lots of benefit., date=2025-04-27T16:10:14.002), GeoAppEntity(id=6812fd5f48f9fd0194931e69, title=Save Nature, content=Save Nature, its give us to fresh air., date=2025-05-01T10:19:35.138), GeoAppEntity(id=68171c2eb19c784de4dd1f4c, title=Save Water, content=Save Future, its give us to Life., date=2025-05-04T13:20:06.070)], roles=null), UserEntity(id=681195653abe98789d495ee2, userName=Sachin Sharma, password=Sachin@2025, geoappEntities=[], roles=null)]
2025-05-09 08:37:56 [SpringApplicationShutdownHook] INFO  o.s.b.w.e.tomcat.GracefulShutdown - Commencing graceful shutdown. Waiting for active requests to complete
2025-05-09 08:37:56 [tomcat-shutdown] INFO  o.s.b.w.e.tomcat.GracefulShutdown - Graceful shutdown complete
2025-05-09 08:39:33 [main] INFO  c.rahulsmgv.geoapp.GeoappApplication - Starting GeoappApplication using Java 17.0.12 with PID 5192 (D:\Workspace\SpringBoot\DevUsingSpringBoot\geoapp\target\classes started by rahul in D:\Workspace\SpringBoot\DevUsingSpringBoot\geoapp)
2025-05-09 08:39:33 [main] DEBUG c.rahulsmgv.geoapp.GeoappApplication - Running with Spring Boot v3.4.4, Spring v6.2.5
2025-05-09 08:39:33 [main] INFO  c.rahulsmgv.geoapp.GeoappApplication - The following 1 profile is active: "dev"
2025-05-09 08:39:34 [main] INFO  o.s.d.r.c.RepositoryConfigurationDelegate - Bootstrapping Spring Data MongoDB repositories in DEFAULT mode.
2025-05-09 08:39:34 [main] INFO  o.s.d.r.c.RepositoryConfigurationDelegate - Finished Spring Data repository scanning in 70 ms. Found 2 MongoDB repository interfaces.
2025-05-09 08:39:34 [main] INFO  o.s.b.w.e.tomcat.TomcatWebServer - Tomcat initialized with port 8080 (http)
2025-05-09 08:39:34 [main] INFO  o.s.b.w.s.c.ServletWebServerApplicationContext - Root WebApplicationContext: initialization completed in 1179 ms
2025-05-09 08:39:36 [main] INFO  o.s.b.w.e.tomcat.TomcatWebServer - Tomcat started on port 8080 (http) with context path '/'
2025-05-09 08:39:36 [main] INFO  c.rahulsmgv.geoapp.GeoappApplication - Started GeoappApplication in 2.756 seconds (process running for 3.231)
2025-05-09 08:39:37 [http-nio-8080-exec-2] INFO  o.s.web.servlet.DispatcherServlet - Initializing Servlet 'dispatcherServlet'
2025-05-09 08:39:37 [http-nio-8080-exec-2] INFO  o.s.web.servlet.DispatcherServlet - Completed initialization in 1 ms
2025-05-09 08:39:37 [http-nio-8080-exec-2] INFO  c.r.geoapp.controller.UserController - Request Received from User for GetAll Details
2025-05-09 08:39:37 [http-nio-8080-exec-2] INFO  c.r.geoapp.controller.UserController - Response Sent to User of GetAll Details[UserEntity(id=680ddb81c0f3c80097f53604, userName=Mohit, password=Mohit23, geoappEntities=[], roles=null), UserEntity(id=680ddb91c0f3c80097f53605, userName=Rohit, password=Rohit23, geoappEntities=[], roles=null), UserEntity(id=680ddba5c0f3c80097f53606, userName=Suresh, password=Suresh@123, geoappEntities=[], roles=null), UserEntity(id=680ddbbfc0f3c80097f53607, userName=Manoj, password=Manoj@2025, geoappEntities=[GeoAppEntity(id=680e098e2e45ca3677f754fd, title=Save Tree, content=Save Tree, its give us to fresh air and lots of benefit., date=2025-04-27T16:10:14.002), GeoAppEntity(id=6812fd5f48f9fd0194931e69, title=Save Nature, content=Save Nature, its give us to fresh air., date=2025-05-01T10:19:35.138), GeoAppEntity(id=68171c2eb19c784de4dd1f4c, title=Save Water, content=Save Future, its give us to Life., date=2025-05-04T13:20:06.070)], roles=null), UserEntity(id=681195653abe98789d495ee2, userName=Sachin Sharma, password=Sachin@2025, geoappEntities=[], roles=null)]
2025-05-09 08:39:54 [http-nio-8080-exec-3] INFO  c.r.g.controller.GeoAppController - Request Received from User for GetAll Details_Manoj
2025-05-09 08:39:54 [http-nio-8080-exec-3] INFO  c.r.g.controller.GeoAppController - Request Sent for finding user details by Username Manoj
2025-05-09 08:39:54 [http-nio-8080-exec-3] INFO  c.r.g.controller.GeoAppController - Response Sent to User of GetAll Details[GeoAppEntity(id=680e098e2e45ca3677f754fd, title=Save Tree, content=Save Tree, its give us to fresh air and lots of benefit., date=2025-04-27T16:10:14.002), GeoAppEntity(id=6812fd5f48f9fd0194931e69, title=Save Nature, content=Save Nature, its give us to fresh air., date=2025-05-01T10:19:35.138), GeoAppEntity(id=68171c2eb19c784de4dd1f4c, title=Save Water, content=Save Future, its give us to Life., date=2025-05-04T13:20:06.070)]
2025-05-09 08:40:19 [http-nio-8080-exec-4] INFO  c.r.geoapp.controller.UserController - Request Received from User for Create a new EntityUserEntity(id=null, userName=Suresh, password=Suresh@2025, geoappEntities=null, roles=null)
2025-05-09 08:40:19 [http-nio-8080-exec-4] INFO  c.r.geoapp.controller.UserController - Exception Occured while insert data in users table Write operation error on server localhost:27017. Write error: WriteError{code=11000, message='E11000 duplicate key error collection: geoappdb.users_details index: userName dup key: { userName: "Suresh" }', details={}}.
2025-05-09 08:40:41 [http-nio-8080-exec-6] INFO  c.r.geoapp.controller.UserController - Request Received from User for Create a new EntityUserEntity(id=null, userName=Suresh, password=Suresh@2025, geoappEntities=null, roles=null)
2025-05-09 08:40:41 [http-nio-8080-exec-6] INFO  c.r.geoapp.controller.UserController - Exception Occured while insert data in users table Write operation error on server localhost:27017. Write error: WriteError{code=11000, message='E11000 duplicate key error collection: geoappdb.users_details index: userName dup key: { userName: "Suresh" }', details={}}.
2025-05-09 08:40:59 [http-nio-8080-exec-8] INFO  c.r.geoapp.controller.UserController - Request Received from User for Create a new EntityUserEntity(id=null, userName=Mahesh, password=Suresh@2025, geoappEntities=null, roles=null)
2025-05-09 08:40:59 [http-nio-8080-exec-8] INFO  c.r.geoapp.controller.UserController - Response Sent to User of Newly Created EntityUserEntity(id=681d7243d8dea6627d958749, userName=Mahesh, password=Suresh@2025, geoappEntities=null, roles=null)
2025-05-09 08:47:29 [SpringApplicationShutdownHook] INFO  o.s.b.w.e.tomcat.GracefulShutdown - Commencing graceful shutdown. Waiting for active requests to complete
2025-05-09 08:47:30 [tomcat-shutdown] INFO  o.s.b.w.e.tomcat.GracefulShutdown - Graceful shutdown complete
