2025-05-19 08:38:27 [main] INFO  c.rahulsmgv.geoapp.GeoappApplication - Starting GeoappApplication using Java 17.0.12 with PID 5936 (D:\Workspace\SpringBoot\DevUsingSpringBoot\geoapp\target\classes started by rahul in D:\Workspace\SpringBoot\DevUsingSpringBoot\geoapp)
2025-05-19 08:38:27 [main] DEBUG c.rahulsmgv.geoapp.GeoappApplication - Running with Spring Boot v3.4.4, Spring v6.2.5
2025-05-19 08:38:27 [main] INFO  c.rahulsmgv.geoapp.GeoappApplication - The following 1 profile is active: "dev"
2025-05-19 08:38:28 [main] INFO  o.s.d.r.c.RepositoryConfigurationDelegate - Bootstrapping Spring Data MongoDB repositories in DEFAULT mode.
2025-05-19 08:38:28 [main] INFO  o.s.d.r.c.RepositoryConfigurationDelegate - Finished Spring Data repository scanning in 154 ms. Found 3 MongoDB repository interfaces.
2025-05-19 08:38:30 [main] INFO  o.s.b.w.e.tomcat.TomcatWebServer - Tomcat initialized with port 8080 (http)
2025-05-19 08:38:30 [main] INFO  o.s.b.w.s.c.ServletWebServerApplicationContext - Root WebApplicationContext: initialization completed in 3077 ms
2025-05-19 08:38:33 [main] INFO  o.s.b.w.e.tomcat.TomcatWebServer - Tomcat started on port 8080 (http) with context path '/'
2025-05-19 08:38:33 [main] INFO  c.rahulsmgv.geoapp.GeoappApplication - Started GeoappApplication in 7.359 seconds (process running for 9.816)
2025-05-19 08:40:48 [http-nio-8080-exec-1] INFO  o.s.web.servlet.DispatcherServlet - Initializing Servlet 'dispatcherServlet'
2025-05-19 08:40:48 [http-nio-8080-exec-1] INFO  o.s.web.servlet.DispatcherServlet - Completed initialization in 2 ms
2025-05-19 08:40:48 [http-nio-8080-exec-1] INFO  c.r.geoapp.controller.UserController - Fetch City Details
2025-05-19 08:42:26 [SpringApplicationShutdownHook] INFO  o.s.b.w.e.tomcat.GracefulShutdown - Commencing graceful shutdown. Waiting for active requests to complete
2025-05-19 08:42:26 [tomcat-shutdown] INFO  o.s.b.w.e.tomcat.GracefulShutdown - Graceful shutdown complete
2025-05-19 08:42:30 [main] INFO  c.rahulsmgv.geoapp.GeoappApplication - Starting GeoappApplication using Java 17.0.12 with PID 15040 (D:\Workspace\SpringBoot\DevUsingSpringBoot\geoapp\target\classes started by rahul in D:\Workspace\SpringBoot\DevUsingSpringBoot\geoapp)
2025-05-19 08:42:30 [main] DEBUG c.rahulsmgv.geoapp.GeoappApplication - Running with Spring Boot v3.4.4, Spring v6.2.5
2025-05-19 08:42:30 [main] INFO  c.rahulsmgv.geoapp.GeoappApplication - The following 1 profile is active: "dev"
2025-05-19 08:42:31 [main] INFO  o.s.d.r.c.RepositoryConfigurationDelegate - Bootstrapping Spring Data MongoDB repositories in DEFAULT mode.
2025-05-19 08:42:32 [main] INFO  o.s.d.r.c.RepositoryConfigurationDelegate - Finished Spring Data repository scanning in 126 ms. Found 3 MongoDB repository interfaces.
2025-05-19 08:42:33 [main] INFO  o.s.b.w.e.tomcat.TomcatWebServer - Tomcat initialized with port 8080 (http)
2025-05-19 08:42:33 [main] INFO  o.s.b.w.s.c.ServletWebServerApplicationContext - Root WebApplicationContext: initialization completed in 2430 ms
2025-05-19 08:42:35 [main] INFO  o.s.b.w.e.tomcat.TomcatWebServer - Tomcat started on port 8080 (http) with context path '/'
2025-05-19 08:42:35 [main] INFO  c.rahulsmgv.geoapp.GeoappApplication - Started GeoappApplication in 5.591 seconds (process running for 7.064)
2025-05-19 08:43:18 [http-nio-8080-exec-1] INFO  o.s.web.servlet.DispatcherServlet - Initializing Servlet 'dispatcherServlet'
2025-05-19 08:43:18 [http-nio-8080-exec-1] INFO  o.s.web.servlet.DispatcherServlet - Completed initialization in 2 ms
2025-05-19 08:43:18 [http-nio-8080-exec-1] INFO  c.r.geoapp.controller.UserController - Fetch City Details
2025-05-19 08:43:58 [SpringApplicationShutdownHook] INFO  o.s.b.w.e.tomcat.GracefulShutdown - Commencing graceful shutdown. Waiting for active requests to complete
2025-05-19 08:43:58 [tomcat-shutdown] INFO  o.s.b.w.e.tomcat.GracefulShutdown - Graceful shutdown complete
2025-05-19 08:44:02 [main] INFO  c.rahulsmgv.geoapp.GeoappApplication - Starting GeoappApplication using Java 17.0.12 with PID 13576 (D:\Workspace\SpringBoot\DevUsingSpringBoot\geoapp\target\classes started by rahul in D:\Workspace\SpringBoot\DevUsingSpringBoot\geoapp)
2025-05-19 08:44:02 [main] DEBUG c.rahulsmgv.geoapp.GeoappApplication - Running with Spring Boot v3.4.4, Spring v6.2.5
2025-05-19 08:44:02 [main] INFO  c.rahulsmgv.geoapp.GeoappApplication - The following 1 profile is active: "dev"
2025-05-19 08:44:03 [main] INFO  o.s.d.r.c.RepositoryConfigurationDelegate - Bootstrapping Spring Data MongoDB repositories in DEFAULT mode.
2025-05-19 08:44:03 [main] INFO  o.s.d.r.c.RepositoryConfigurationDelegate - Finished Spring Data repository scanning in 127 ms. Found 3 MongoDB repository interfaces.
2025-05-19 08:44:04 [main] INFO  o.s.b.w.e.tomcat.TomcatWebServer - Tomcat initialized with port 8080 (http)
2025-05-19 08:44:04 [main] INFO  o.s.b.w.s.c.ServletWebServerApplicationContext - Root WebApplicationContext: initialization completed in 2348 ms
2025-05-19 08:44:06 [main] INFO  o.s.b.w.e.tomcat.TomcatWebServer - Tomcat started on port 8080 (http) with context path '/'
2025-05-19 08:44:06 [main] INFO  c.rahulsmgv.geoapp.GeoappApplication - Started GeoappApplication in 5.543 seconds (process running for 7.003)
2025-05-19 08:44:13 [http-nio-8080-exec-1] INFO  o.s.web.servlet.DispatcherServlet - Initializing Servlet 'dispatcherServlet'
2025-05-19 08:44:13 [http-nio-8080-exec-1] INFO  o.s.web.servlet.DispatcherServlet - Completed initialization in 1 ms
2025-05-19 08:44:13 [http-nio-8080-exec-1] INFO  c.r.geoapp.controller.UserController - Fetch City Details
2025-05-19 08:44:36 [http-nio-8080-exec-1] ERROR o.a.c.c.C.[.[.[.[dispatcherServlet] - Servlet.service() for servlet [dispatcherServlet] in context with path [] threw exception [Request processing failed: org.springframework.web.client.ResourceAccessException: I/O error on GET request for "http://api.weatherapi.com/v1/current.json": api.weatherapi.com] with root cause
java.net.UnknownHostException: api.weatherapi.com
	at java.base/sun.nio.ch.NioSocketImpl.connect(NioSocketImpl.java:572)
	at java.base/java.net.Socket.connect(Socket.java:633)
	at java.base/java.net.Socket.connect(Socket.java:583)
	at java.base/sun.net.NetworkClient.doConnect(NetworkClient.java:183)
	at java.base/sun.net.www.http.HttpClient.openServer(HttpClient.java:534)
	at java.base/sun.net.www.http.HttpClient.openServer(HttpClient.java:639)
	at java.base/sun.net.www.http.HttpClient.<init>(HttpClient.java:282)
	at java.base/sun.net.www.http.HttpClient.New(HttpClient.java:387)
	at java.base/sun.net.www.http.HttpClient.New(HttpClient.java:409)
	at java.base/sun.net.www.protocol.http.HttpURLConnection.getNewHttpClient(HttpURLConnection.java:1308)
	at java.base/sun.net.www.protocol.http.HttpURLConnection.plainConnect0(HttpURLConnection.java:1241)
	at java.base/sun.net.www.protocol.http.HttpURLConnection.plainConnect(HttpURLConnection.java:1127)
	at java.base/sun.net.www.protocol.http.HttpURLConnection.connect(HttpURLConnection.java:1056)
	at org.springframework.http.client.SimpleClientHttpRequest.executeInternal(SimpleClientHttpRequest.java:79)
	at org.springframework.http.client.AbstractStreamingClientHttpRequest.executeInternal(AbstractStreamingClientHttpRequest.java:71)
	at org.springframework.http.client.AbstractClientHttpRequest.execute(AbstractClientHttpRequest.java:81)
	at org.springframework.web.client.RestTemplate.doExecute(RestTemplate.java:900)
	at org.springframework.web.client.RestTemplate.execute(RestTemplate.java:801)
	at org.springframework.web.client.RestTemplate.exchange(RestTemplate.java:683)
	at com.rahulsmgv.geoapp.service.WeatherService.getWeather(WeatherService.java:33)
	at com.rahulsmgv.geoapp.controller.UserController.weatherCityInfo(UserController.java:103)
	at java.base/jdk.internal.reflect.NativeMethodAccessorImpl.invoke0(Native Method)
	at java.base/jdk.internal.reflect.NativeMethodAccessorImpl.invoke(NativeMethodAccessorImpl.java:77)
	at java.base/jdk.internal.reflect.DelegatingMethodAccessorImpl.invoke(DelegatingMethodAccessorImpl.java:43)
	at java.base/java.lang.reflect.Method.invoke(Method.java:568)
	at org.springframework.web.method.support.InvocableHandlerMethod.doInvoke(InvocableHandlerMethod.java:258)
	at org.springframework.web.method.support.InvocableHandlerMethod.invokeForRequest(InvocableHandlerMethod.java:191)
	at org.springframework.web.servlet.mvc.method.annotation.ServletInvocableHandlerMethod.invokeAndHandle(ServletInvocableHandlerMethod.java:118)
	at org.springframework.web.servlet.mvc.method.annotation.RequestMappingHandlerAdapter.invokeHandlerMethod(RequestMappingHandlerAdapter.java:986)
	at org.springframework.web.servlet.mvc.method.annotation.RequestMappingHandlerAdapter.handleInternal(RequestMappingHandlerAdapter.java:891)
	at org.springframework.web.servlet.mvc.method.AbstractHandlerMethodAdapter.handle(AbstractHandlerMethodAdapter.java:87)
	at org.springframework.web.servlet.DispatcherServlet.doDispatch(DispatcherServlet.java:1089)
	at org.springframework.web.servlet.DispatcherServlet.doService(DispatcherServlet.java:979)
	at org.springframework.web.servlet.FrameworkServlet.processRequest(FrameworkServlet.java:1014)
	at org.springframework.web.servlet.FrameworkServlet.doGet(FrameworkServlet.java:903)
	at jakarta.servlet.http.HttpServlet.service(HttpServlet.java:564)
	at org.springframework.web.servlet.FrameworkServlet.service(FrameworkServlet.java:885)
	at jakarta.servlet.http.HttpServlet.service(HttpServlet.java:658)
	at org.apache.catalina.core.ApplicationFilterChain.internalDoFilter(ApplicationFilterChain.java:195)
	at org.apache.catalina.core.ApplicationFilterChain.doFilter(ApplicationFilterChain.java:140)
	at org.apache.tomcat.websocket.server.WsFilter.doFilter(WsFilter.java:51)
	at org.apache.catalina.core.ApplicationFilterChain.internalDoFilter(ApplicationFilterChain.java:164)
	at org.apache.catalina.core.ApplicationFilterChain.doFilter(ApplicationFilterChain.java:140)
	at org.springframework.web.filter.RequestContextFilter.doFilterInternal(RequestContextFilter.java:100)
	at org.springframework.web.filter.OncePerRequestFilter.doFilter(OncePerRequestFilter.java:116)
	at org.apache.catalina.core.ApplicationFilterChain.internalDoFilter(ApplicationFilterChain.java:164)
	at org.apache.catalina.core.ApplicationFilterChain.doFilter(ApplicationFilterChain.java:140)
	at org.springframework.web.filter.FormContentFilter.doFilterInternal(FormContentFilter.java:93)
	at org.springframework.web.filter.OncePerRequestFilter.doFilter(OncePerRequestFilter.java:116)
	at org.apache.catalina.core.ApplicationFilterChain.internalDoFilter(ApplicationFilterChain.java:164)
	at org.apache.catalina.core.ApplicationFilterChain.doFilter(ApplicationFilterChain.java:140)
	at org.springframework.web.filter.CharacterEncodingFilter.doFilterInternal(CharacterEncodingFilter.java:201)
	at org.springframework.web.filter.OncePerRequestFilter.doFilter(OncePerRequestFilter.java:116)
	at org.apache.catalina.core.ApplicationFilterChain.internalDoFilter(ApplicationFilterChain.java:164)
	at org.apache.catalina.core.ApplicationFilterChain.doFilter(ApplicationFilterChain.java:140)
	at org.apache.catalina.core.StandardWrapperValve.invoke(StandardWrapperValve.java:167)
	at org.apache.catalina.core.StandardContextValve.invoke(StandardContextValve.java:90)
	at org.apache.catalina.authenticator.AuthenticatorBase.invoke(AuthenticatorBase.java:483)
	at org.apache.catalina.core.StandardHostValve.invoke(StandardHostValve.java:115)
	at org.apache.catalina.valves.ErrorReportValve.invoke(ErrorReportValve.java:93)
	at org.apache.catalina.core.StandardEngineValve.invoke(StandardEngineValve.java:74)
	at org.apache.catalina.connector.CoyoteAdapter.service(CoyoteAdapter.java:344)
	at org.apache.coyote.http11.Http11Processor.service(Http11Processor.java:397)
	at org.apache.coyote.AbstractProcessorLight.process(AbstractProcessorLight.java:63)
	at org.apache.coyote.AbstractProtocol$ConnectionHandler.process(AbstractProtocol.java:905)
	at org.apache.tomcat.util.net.NioEndpoint$SocketProcessor.doRun(NioEndpoint.java:1743)
	at org.apache.tomcat.util.net.SocketProcessorBase.run(SocketProcessorBase.java:52)
	at org.apache.tomcat.util.threads.ThreadPoolExecutor.runWorker(ThreadPoolExecutor.java:1190)
	at org.apache.tomcat.util.threads.ThreadPoolExecutor$Worker.run(ThreadPoolExecutor.java:659)
	at org.apache.tomcat.util.threads.TaskThread$WrappingRunnable.run(TaskThread.java:63)
	at java.base/java.lang.Thread.run(Thread.java:842)
2025-05-19 08:44:38 [SpringApplicationShutdownHook] INFO  o.s.b.w.e.tomcat.GracefulShutdown - Commencing graceful shutdown. Waiting for active requests to complete
2025-05-19 08:44:39 [tomcat-shutdown] INFO  o.s.b.w.e.tomcat.GracefulShutdown - Graceful shutdown complete
2025-05-19 08:56:53 [main] INFO  c.rahulsmgv.geoapp.GeoappApplication - Starting GeoappApplication using Java 17.0.12 with PID 8060 (D:\Workspace\SpringBoot\DevUsingSpringBoot\geoapp\target\classes started by rahul in D:\Workspace\SpringBoot\DevUsingSpringBoot\geoapp)
2025-05-19 08:56:53 [main] DEBUG c.rahulsmgv.geoapp.GeoappApplication - Running with Spring Boot v3.4.4, Spring v6.2.5
2025-05-19 08:56:53 [main] INFO  c.rahulsmgv.geoapp.GeoappApplication - The following 1 profile is active: "dev"
2025-05-19 08:56:55 [main] INFO  o.s.d.r.c.RepositoryConfigurationDelegate - Bootstrapping Spring Data MongoDB repositories in DEFAULT mode.
2025-05-19 08:56:55 [main] INFO  o.s.d.r.c.RepositoryConfigurationDelegate - Finished Spring Data repository scanning in 132 ms. Found 3 MongoDB repository interfaces.
2025-05-19 08:56:56 [main] INFO  o.s.b.w.e.tomcat.TomcatWebServer - Tomcat initialized with port 8080 (http)
2025-05-19 08:56:56 [main] INFO  o.s.b.w.s.c.ServletWebServerApplicationContext - Root WebApplicationContext: initialization completed in 2596 ms
2025-05-19 08:56:58 [main] INFO  o.s.b.w.e.tomcat.TomcatWebServer - Tomcat started on port 8080 (http) with context path '/'
2025-05-19 08:56:58 [main] INFO  c.rahulsmgv.geoapp.GeoappApplication - Started GeoappApplication in 6.049 seconds (process running for 7.52)
2025-05-19 08:57:04 [http-nio-8080-exec-1] INFO  o.s.web.servlet.DispatcherServlet - Initializing Servlet 'dispatcherServlet'
2025-05-19 08:57:04 [http-nio-8080-exec-1] INFO  o.s.web.servlet.DispatcherServlet - Completed initialization in 3 ms
2025-05-19 08:57:04 [http-nio-8080-exec-1] INFO  c.r.geoapp.controller.UserController - Fetch City Details
2025-05-19 08:57:24 [SpringApplicationShutdownHook] INFO  o.s.b.w.e.tomcat.GracefulShutdown - Commencing graceful shutdown. Waiting for active requests to complete
2025-05-19 08:57:25 [tomcat-shutdown] INFO  o.s.b.w.e.tomcat.GracefulShutdown - Graceful shutdown complete
2025-05-19 09:03:06 [main] INFO  c.rahulsmgv.geoapp.GeoappApplication - Starting GeoappApplication using Java 17.0.12 with PID 8528 (D:\Workspace\SpringBoot\DevUsingSpringBoot\geoapp\target\classes started by rahul in D:\Workspace\SpringBoot\DevUsingSpringBoot\geoapp)
2025-05-19 09:03:06 [main] DEBUG c.rahulsmgv.geoapp.GeoappApplication - Running with Spring Boot v3.4.4, Spring v6.2.5
2025-05-19 09:03:06 [main] INFO  c.rahulsmgv.geoapp.GeoappApplication - The following 1 profile is active: "dev"
2025-05-19 09:03:07 [main] INFO  o.s.d.r.c.RepositoryConfigurationDelegate - Bootstrapping Spring Data MongoDB repositories in DEFAULT mode.
2025-05-19 09:03:07 [main] INFO  o.s.d.r.c.RepositoryConfigurationDelegate - Finished Spring Data repository scanning in 136 ms. Found 3 MongoDB repository interfaces.
2025-05-19 09:03:08 [main] INFO  o.s.b.w.e.tomcat.TomcatWebServer - Tomcat initialized with port 8080 (http)
2025-05-19 09:03:09 [main] INFO  o.s.b.w.s.c.ServletWebServerApplicationContext - Root WebApplicationContext: initialization completed in 2616 ms
2025-05-19 09:03:53 [main] INFO  o.s.b.w.e.tomcat.TomcatWebServer - Tomcat started on port 8080 (http) with context path '/'
2025-05-19 09:03:53 [main] INFO  c.rahulsmgv.geoapp.GeoappApplication - Started GeoappApplication in 48.396 seconds (process running for 49.772)
2025-05-19 09:03:53 [SpringApplicationShutdownHook] INFO  o.s.b.w.e.tomcat.GracefulShutdown - Commencing graceful shutdown. Waiting for active requests to complete
2025-05-19 09:03:54 [tomcat-shutdown] INFO  o.s.b.w.e.tomcat.GracefulShutdown - Graceful shutdown complete
2025-05-19 09:04:27 [main] INFO  c.rahulsmgv.geoapp.GeoappApplication - Starting GeoappApplication using Java 17.0.12 with PID 10796 (D:\Workspace\SpringBoot\DevUsingSpringBoot\geoapp\target\classes started by rahul in D:\Workspace\SpringBoot\DevUsingSpringBoot\geoapp)
2025-05-19 09:04:27 [main] DEBUG c.rahulsmgv.geoapp.GeoappApplication - Running with Spring Boot v3.4.4, Spring v6.2.5
2025-05-19 09:04:27 [main] INFO  c.rahulsmgv.geoapp.GeoappApplication - The following 1 profile is active: "dev"
2025-05-19 09:04:28 [main] INFO  o.s.d.r.c.RepositoryConfigurationDelegate - Bootstrapping Spring Data MongoDB repositories in DEFAULT mode.
2025-05-19 09:04:28 [main] INFO  o.s.d.r.c.RepositoryConfigurationDelegate - Finished Spring Data repository scanning in 117 ms. Found 3 MongoDB repository interfaces.
2025-05-19 09:04:29 [main] INFO  o.s.b.w.e.tomcat.TomcatWebServer - Tomcat initialized with port 8080 (http)
2025-05-19 09:04:29 [main] INFO  o.s.b.w.s.c.ServletWebServerApplicationContext - Root WebApplicationContext: initialization completed in 2421 ms
2025-05-19 09:05:03 [main] INFO  o.s.b.w.e.tomcat.TomcatWebServer - Tomcat started on port 8080 (http) with context path '/'
2025-05-19 09:05:03 [main] INFO  c.rahulsmgv.geoapp.GeoappApplication - Started GeoappApplication in 37.091 seconds (process running for 38.504)
2025-05-19 09:05:03 [SpringApplicationShutdownHook] INFO  o.s.b.w.e.tomcat.GracefulShutdown - Commencing graceful shutdown. Waiting for active requests to complete
2025-05-19 09:05:03 [tomcat-shutdown] INFO  o.s.b.w.e.tomcat.GracefulShutdown - Graceful shutdown complete
2025-05-19 09:05:09 [main] INFO  c.rahulsmgv.geoapp.GeoappApplication - Starting GeoappApplication using Java 17.0.12 with PID 16004 (D:\Workspace\SpringBoot\DevUsingSpringBoot\geoapp\target\classes started by rahul in D:\Workspace\SpringBoot\DevUsingSpringBoot\geoapp)
2025-05-19 09:05:09 [main] DEBUG c.rahulsmgv.geoapp.GeoappApplication - Running with Spring Boot v3.4.4, Spring v6.2.5
2025-05-19 09:05:09 [main] INFO  c.rahulsmgv.geoapp.GeoappApplication - The following 1 profile is active: "dev"
2025-05-19 09:05:11 [main] INFO  o.s.d.r.c.RepositoryConfigurationDelegate - Bootstrapping Spring Data MongoDB repositories in DEFAULT mode.
2025-05-19 09:05:11 [main] INFO  o.s.d.r.c.RepositoryConfigurationDelegate - Finished Spring Data repository scanning in 121 ms. Found 3 MongoDB repository interfaces.
2025-05-19 09:05:12 [main] INFO  o.s.b.w.e.tomcat.TomcatWebServer - Tomcat initialized with port 8080 (http)
2025-05-19 09:05:12 [main] INFO  o.s.b.w.s.c.ServletWebServerApplicationContext - Root WebApplicationContext: initialization completed in 2431 ms
2025-05-19 09:06:00 [main] INFO  c.rahulsmgv.geoapp.GeoappApplication - Starting GeoappApplication using Java 17.0.12 with PID 4688 (D:\Workspace\SpringBoot\DevUsingSpringBoot\geoapp\target\classes started by rahul in D:\Workspace\SpringBoot\DevUsingSpringBoot\geoapp)
2025-05-19 09:06:00 [main] DEBUG c.rahulsmgv.geoapp.GeoappApplication - Running with Spring Boot v3.4.4, Spring v6.2.5
2025-05-19 09:06:00 [main] INFO  c.rahulsmgv.geoapp.GeoappApplication - The following 1 profile is active: "dev"
2025-05-19 09:06:01 [main] INFO  o.s.d.r.c.RepositoryConfigurationDelegate - Bootstrapping Spring Data MongoDB repositories in DEFAULT mode.
2025-05-19 09:06:01 [main] INFO  o.s.d.r.c.RepositoryConfigurationDelegate - Finished Spring Data repository scanning in 123 ms. Found 3 MongoDB repository interfaces.
2025-05-19 09:06:02 [main] INFO  o.s.b.w.e.tomcat.TomcatWebServer - Tomcat initialized with port 8080 (http)
2025-05-19 09:06:02 [main] INFO  o.s.b.w.s.c.ServletWebServerApplicationContext - Root WebApplicationContext: initialization completed in 2421 ms
2025-05-19 09:06:25 [main] INFO  o.s.b.w.e.tomcat.TomcatWebServer - Tomcat started on port 8080 (http) with context path '/'
2025-05-19 09:06:25 [main] INFO  c.rahulsmgv.geoapp.GeoappApplication - Started GeoappApplication in 26.311 seconds (process running for 27.731)
2025-05-19 09:06:25 [SpringApplicationShutdownHook] INFO  o.s.b.w.e.tomcat.GracefulShutdown - Commencing graceful shutdown. Waiting for active requests to complete
2025-05-19 09:06:25 [tomcat-shutdown] INFO  o.s.b.w.e.tomcat.GracefulShutdown - Graceful shutdown complete
